ISim log file
Running: F:\Projects\Logic\phase_2\Test_isim_beh.exe -intstyle ise -gui -tclbatch isim.cmd -wdb F:/Projects/Logic/phase_2/Test_isim_beh.wdb 
ISim P.20131013 (signature 0x7708f090)
This is a Full version of ISim.
WARNING: File "F:/Projects/Logic/phase_2/manager.v" Line 125.  For instance smple/Timer/, width 4 of formal port period is not equal to width 1 of actual signal period.
WARNING: File "F:/Projects/Logic/phase_2/manager.v" Line 129.  For instance smple/Comparator/, width 4 of formal port comp1 is not equal to width 1 of actual variable comp1. 
WARNING: File "F:/Projects/Logic/phase_2/manager.v" Line 129.  For instance smple/Comparator/, width 4 of formal port comp2 is not equal to width 1 of actual variable comp2. 
Time resolution is 1 ps
# onerror resume
# wave add /
# run 1000 ns
Simulator is doing circuit initialization process.
at 0 ps, Instance /Test/smple/RAM/DUT/ : Warning: There is an 'U'|'X'|'W'|'Z'|'-' in an arithmetic operand, the result will be 'X'(es).
at 0 ps, Instance /Test/smple/RAM/DUT/ : Warning: CONV_INTEGER: There is an 'U'|'X'|'W'|'Z'|'-' in an arithmetic operand, and it has been converted to 0.
at 0 ps, Instance /Test/smple/RAM/DUT/ : Warning: CONV_INTEGER: There is an 'U'|'X'|'W'|'Z'|'-' in an arithmetic operand, and it has been converted to 0.
at 0 ps, Instance /Test/smple/RAM/DUT/ : Warning: CONV_INTEGER: There is an 'U'|'X'|'W'|'Z'|'-' in an arithmetic operand, and it has been converted to 0.
Finished circuit initialization process.
at 0 ps, Instance /Test/smple/RAM/DUT/ : Warning: CONV_INTEGER: There is an 'U'|'X'|'W'|'Z'|'-' in an arithmetic operand, and it has been converted to 0.
at 0 ps, Instance /Test/smple/RAM/DUT/ : Warning: CONV_INTEGER: There is an 'U'|'X'|'W'|'Z'|'-' in an arithmetic operand, and it has been converted to 0.
at 0 ps, Instance /Test/smple/RAM/DUT/ : Warning: CONV_INTEGER: There is an 'U'|'X'|'W'|'Z'|'-' in an arithmetic operand, and it has been converted to 0.
at 170 ns(1), Instance /Test/smple/RAM/DUT/ : Warning: CONV_INTEGER: There is an 'U'|'X'|'W'|'Z'|'-' in an arithmetic operand, and it has been converted to 0.
at 170 ns(1), Instance /Test/smple/RAM/DUT/ : Warning: CONV_INTEGER: There is an 'U'|'X'|'W'|'Z'|'-' in an arithmetic operand, and it has been converted to 0.
at 190 ns(1), Instance /Test/smple/RAM/DUT/ : Warning: CONV_INTEGER: There is an 'U'|'X'|'W'|'Z'|'-' in an arithmetic operand, and it has been converted to 0.
